2026-02-17 09:05:24,196 - polymorphic_mirage - INFO - Polymorphic Process Mirage system initialized
2026-02-17 09:05:24,311 - polymorphic_mirage - INFO - Created polymorphic mirage: 218e7bde (backup_service)
2026-02-17 09:05:24,312 - polymorphic_mirage - INFO - Created polymorphic mirage: 5cdb6f44 (ssh_daemon)
2026-02-17 09:05:24,314 - polymorphic_mirage - INFO - Created polymorphic mirage: 7aae9663 (api_gateway)
2026-02-17 09:05:24,315 - polymorphic_mirage - INFO - Created polymorphic mirage: 6d50045d (api_gateway)
2026-02-17 09:05:24,316 - polymorphic_mirage - INFO - Created polymorphic mirage: 50fd320a (web_server)
2026-02-17 09:05:26,417 - polymorphic_mirage - INFO - Mirage 218e7bde morphed: cpu_mutation, memory_mutation, network_mutation, file_mutation (diversity: 0.040)
2026-02-17 09:05:26,427 - polymorphic_mirage - INFO - Mirage 5cdb6f44 morphed: network_mutation, file_mutation, cpu_mutation (diversity: 0.002)
2026-02-17 09:05:26,431 - polymorphic_mirage - INFO - Mirage 7aae9663 morphed: memory_mutation, name_mutation (diversity: 0.179)
2026-02-17 09:05:26,437 - polymorphic_mirage - INFO - Mirage 6d50045d morphed: name_mutation, network_mutation, memory_mutation (diversity: 0.310)
2026-02-17 09:05:26,440 - polymorphic_mirage - INFO - Mirage 50fd320a morphed: cpu_mutation, name_mutation, file_mutation, memory_mutation (diversity: 0.148)
2026-02-17 09:05:35,879 - polymorphic_mirage - INFO - Mirage 218e7bde morphed: name_mutation, network_mutation, cpu_mutation (diversity: 0.056)
2026-02-17 09:07:09,037 - polymorphic_mirage - INFO - Polymorphic Process Mirage system initialized
2026-02-17 09:07:09,037 - polymorphic_mirage - INFO - Created polymorphic mirage: a0267882 (database)
2026-02-17 09:07:09,041 - polymorphic_mirage - INFO - Mirage a0267882 morphed: cpu_mutation, name_mutation, network_mutation, file_mutation (diversity: 0.096)
2026-02-17 09:15:36,350 - polymorphic_mirage - INFO - Polymorphic Process Mirage system initialized
2026-02-17 09:15:36,365 - polymorphic_mirage - INFO - Created polymorphic mirage: 7386a458 (backup_service)
2026-02-17 09:15:36,366 - polymorphic_mirage - INFO - Created polymorphic mirage: e781f6c3 (file_server)
2026-02-17 09:15:36,366 - polymorphic_mirage - INFO - Created polymorphic mirage: febc0315 (web_server)
2026-02-17 09:15:36,367 - polymorphic_mirage - INFO - Created polymorphic mirage: 0400e9f0 (ssh_daemon)
2026-02-17 09:15:36,368 - polymorphic_mirage - INFO - Created polymorphic mirage: 88aacc4d (api_gateway)
2026-02-17 09:16:58,373 - polymorphic_mirage - INFO - Polymorphic Process Mirage system initialized
2026-02-17 09:16:58,404 - polymorphic_mirage - INFO - Created polymorphic mirage: fef5df23 (file_server)
2026-02-17 09:16:58,405 - polymorphic_mirage - INFO - Created polymorphic mirage: 9c22c143 (file_server)
2026-02-17 09:16:58,405 - polymorphic_mirage - INFO - Created polymorphic mirage: f8c57c2b (mail_server)
2026-02-17 09:16:58,405 - polymorphic_mirage - INFO - Created polymorphic mirage: e7698575 (file_server)
2026-02-17 09:16:58,406 - polymorphic_mirage - INFO - Created polymorphic mirage: 5cb4c3d9 (database)
2026-02-17 09:18:26,337 - polymorphic_mirage - INFO - Polymorphic Process Mirage system initialized
2026-02-17 09:18:26,338 - polymorphic_mirage - INFO - Created polymorphic mirage: 7f1ee045 (mail_server)
2026-02-17 09:18:26,339 - polymorphic_mirage - INFO - Created polymorphic mirage: 84b7835a (file_server)
2026-02-17 09:18:26,339 - polymorphic_mirage - INFO - Created polymorphic mirage: 8016e50d (database)
2026-02-17 09:18:26,340 - polymorphic_mirage - INFO - Created polymorphic mirage: 2bc21929 (web_server)
2026-02-17 09:18:26,340 - polymorphic_mirage - INFO - Created polymorphic mirage: c80fd534 (file_server)
